<?xml version="1.0" encoding="UTF-8"?>
<!-- Generated by org.testng.reporters.JUnitXMLReporter -->
<testsuite hostname="DESKTOP-HIKNL3J" ignored="0" name="Test" tests="4" failures="0" timestamp="2021-09-13T01:13:50 IST" time="0.049" errors="0">
  <testcase name="SeleniumBrowserAutomation" time="0.004" classname="mavenProject.SeleniumTest"/>
  <testcase name="SeleniumUIAutomation" time="0.0" classname="mavenProject.SeleniumTest"/>
  <testcase name="APIBrowserAutomation" time="0.0" classname="mavenProject.RestAssuredTest"/>
  <testcase name="APIUIAutomation" time="0.001" classname="mavenProject.RestAssuredTest"/>
</testsuite> <!-- Test -->
