<?xml version="1.0" encoding="UTF-8"?>
<!-- Generated by org.testng.reporters.JUnitXMLReporter -->
<testsuite hostname="DESKTOP-HIKNL3J" ignored="0" name="Command line test" tests="6" failures="0" timestamp="2021-09-13T01:09:46 IST" time="0.052" errors="0">
  <testcase name="APPIUMBrowserAutomation" time="0.005" classname="mavenProject.AppiumTest"/>
  <testcase name="APPIUMUIAutomation" time="0.0" classname="mavenProject.AppiumTest"/>
  <testcase name="APIBrowserAutomation" time="0.0" classname="mavenProject.RestAssuredTest"/>
  <testcase name="APIUIAutomation" time="0.001" classname="mavenProject.RestAssuredTest"/>
  <testcase name="SeleniumBrowserAutomation" time="0.0" classname="mavenProject.SeleniumTest"/>
  <testcase name="SeleniumUIAutomation" time="0.0" classname="mavenProject.SeleniumTest"/>
</testsuite> <!-- Command line test -->
