<?xml version="1.0" encoding="UTF-8"?>
<testng-results ignored="0" total="1" passed="1" failed="0" skipped="0">
  <reporter-output>
  </reporter-output>
  <suite started-at="2021-09-06T19:43:18 IST" name="Default suite" finished-at="2021-09-06T19:43:18 IST" duration-ms="76">
    <groups>
    </groups>
    <test started-at="2021-09-06T19:43:18 IST" name="Default test" finished-at="2021-09-06T19:43:18 IST" duration-ms="76">
      <class name="mavenProject.AppTest">
        <test-method signature="shouldAnswerWithTrue()[pri:0, instance:mavenProject.AppTest@74751b3]" started-at="2021-09-06T19:43:18 IST" name="shouldAnswerWithTrue" finished-at="2021-09-06T19:43:18 IST" duration-ms="13" status="PASS">
          <reporter-output>
          </reporter-output>
        </test-method> <!-- shouldAnswerWithTrue -->
      </class> <!-- mavenProject.AppTest -->
    </test> <!-- Default test -->
  </suite> <!-- Default suite -->
</testng-results>
